# JRE version: OpenJDK Runtime Environment (8.0_212-b04) (build 1.8.0_212-release-1586-b04)
# Java VM: OpenJDK 64-Bit Server VM (25.212-b04 mixed mode windows-amd64 compressed oops)
Heap:
 PSYoungGen      total 178176K, used 121664K [0x00000000e0000000, 0x00000000ee680000, 0x0000000100000000)
  eden space 157696K, 67% used [0x00000000e0000000,0x00000000e6872068,0x00000000e9a00000)
  from space 20480K, 71% used [0x00000000e9a00000,0x00000000ea85e238,0x00000000eae00000)
  to   space 20992K, 0% used [0x00000000ed200000,0x00000000ed200000,0x00000000ee680000)
 ParOldGen       total 139776K, used 30963K [0x00000000a0000000, 0x00000000a8880000, 0x00000000e0000000)
  object space 139776K, 22% used [0x00000000a0000000,0x00000000a1e3cdb8,0x00000000a8880000)
 Metaspace       used 68986K, capacity 71422K, committed 71680K, reserved 1112064K
  class space    used 9377K, capacity 9931K, committed 9984K, reserved 1048576K
GC Heap History (10 events):
Event: 10.626 GC heap before
{Heap before GC invocations=12 (full 2):
 PSYoungGen      total 110592K, used 98816K [0x00000000e0000000, 0x00000000e9780000, 0x0000000100000000)
  eden space 98816K, 100% used [0x00000000e0000000,0x00000000e6080000,0x00000000e6080000)
  from space 11776K, 0% used [0x00000000e6080000,0x00000000e6080000,0x00000000e6c00000)
  to   space 12800K, 0% used [0x00000000e8b00000,0x00000000e8b00000,0x00000000e9780000)
 ParOldGen       total 97280K, used 17018K [0x00000000a0000000, 0x00000000a5f00000, 0x00000000e0000000)
  object space 97280K, 17% used [0x00000000a0000000,0x00000000a109ead0,0x00000000a5f00000)
 Metaspace       used 43798K, capacity 44940K, committed 45184K, reserved 1087488K
  class space    used 5895K, capacity 6184K, committed 6272K, reserved 1048576K
Event: 10.649 GC heap after
Heap after GC invocations=12 (full 2):
 PSYoungGen      total 137728K, used 12005K [0x00000000e0000000, 0x00000000e9700000, 0x0000000100000000)
  eden space 125440K, 0% used [0x00000000e0000000,0x00000000e0000000,0x00000000e7a80000)
  from space 12288K, 97% used [0x00000000e8b00000,0x00000000e96b97a0,0x00000000e9700000)
  to   space 13824K, 0% used [0x00000000e7c00000,0x00000000e7c00000,0x00000000e8980000)
 ParOldGen       total 97280K, used 17026K [0x00000000a0000000, 0x00000000a5f00000, 0x00000000e0000000)
  object space 97280K, 17% used [0x00000000a0000000,0x00000000a10a0ad0,0x00000000a5f00000)
 Metaspace       used 43798K, capacity 44940K, committed 45184K, reserved 1087488K
  class space    used 5895K, capacity 6184K, committed 6272K, reserved 1048576K
}
Event: 13.451 GC heap before
{Heap before GC invocations=13 (full 2):
 PSYoungGen      total 137728K, used 137445K [0x00000000e0000000, 0x00000000e9700000, 0x0000000100000000)
  eden space 125440K, 100% used [0x00000000e0000000,0x00000000e7a80000,0x00000000e7a80000)
  from space 12288K, 97% used [0x00000000e8b00000,0x00000000e96b97a0,0x00000000e9700000)
  to   space 13824K, 0% used [0x00000000e7c00000,0x00000000e7c00000,0x00000000e8980000)
 ParOldGen       total 97280K, used 17026K [0x00000000a0000000, 0x00000000a5f00000, 0x00000000e0000000)
  object space 97280K, 17% used [0x00000000a0000000,0x00000000a10a0ad0,0x00000000a5f00000)
 Metaspace       used 54624K, capacity 56298K, committed 56576K, reserved 1097728K
  class space    used 7402K, capacity 7816K, committed 7936K, reserved 1048576K
Event: 13.486 GC heap after
Heap after GC invocations=13 (full 2):
 PSYoungGen      total 140800K, used 13817K [0x00000000e0000000, 0x00000000ec000000, 0x0000000100000000)
  eden space 126976K, 0% used [0x00000000e0000000,0x00000000e0000000,0x00000000e7c00000)
  from space 13824K, 99% used [0x00000000e7c00000,0x00000000e897e5b0,0x00000000e8980000)
  to   space 18432K, 0% used [0x00000000eae00000,0x00000000eae00000,0x00000000ec000000)
 ParOldGen       total 97280K, used 24934K [0x00000000a0000000, 0x00000000a5f00000, 0x00000000e0000000)
  object space 97280K, 25% used [0x00000000a0000000,0x00000000a1859b20,0x00000000a5f00000)
 Metaspace       used 54624K, capacity 56298K, committed 56576K, reserved 1097728K
  class space    used 7402K, capacity 7816K, committed 7936K, reserved 1048576K
}
Event: 14.260 GC heap before
{Heap before GC invocations=14 (full 2):
 PSYoungGen      total 140800K, used 53304K [0x00000000e0000000, 0x00000000ec000000, 0x0000000100000000)
  eden space 126976K, 31% used [0x00000000e0000000,0x00000000e268fdf0,0x00000000e7c00000)
  from space 13824K, 99% used [0x00000000e7c00000,0x00000000e897e5b0,0x00000000e8980000)
  to   space 18432K, 0% used [0x00000000eae00000,0x00000000eae00000,0x00000000ec000000)
 ParOldGen       total 97280K, used 24934K [0x00000000a0000000, 0x00000000a5f00000, 0x00000000e0000000)
  object space 97280K, 25% used [0x00000000a0000000,0x00000000a1859b20,0x00000000a5f00000)
 Metaspace       used 57152K, capacity 59000K, committed 59096K, reserved 1099776K
  class space    used 7822K, capacity 8227K, committed 8320K, reserved 1048576K
Event: 14.287 GC heap after
Heap after GC invocations=14 (full 2):
 PSYoungGen      total 176128K, used 16770K [0x00000000e0000000, 0x00000000ecd00000, 0x0000000100000000)
  eden space 157696K, 0% used [0x00000000e0000000,0x00000000e0000000,0x00000000e9a00000)
  from space 18432K, 90% used [0x00000000eae00000,0x00000000ebe60ab8,0x00000000ec000000)
  to   space 20480K, 0% used [0x00000000e9a00000,0x00000000e9a00000,0x00000000eae00000)
 ParOldGen       total 97280K, used 25006K [0x00000000a0000000, 0x00000000a5f00000, 0x00000000e0000000)
  object space 97280K, 25% used [0x00000000a0000000,0x00000000a186bb30,0x00000000a5f00000)
 Metaspace       used 57152K, capacity 59000K, committed 59096K, reserved 1099776K
  class space    used 7822K, capacity 8227K, committed 8320K, reserved 1048576K
}
Event: 14.287 GC heap before
{Heap before GC invocations=15 (full 3):
 PSYoungGen      total 176128K, used 16770K [0x00000000e0000000, 0x00000000ecd00000, 0x0000000100000000)
  eden space 157696K, 0% used [0x00000000e0000000,0x00000000e0000000,0x00000000e9a00000)
  from space 18432K, 90% used [0x00000000eae00000,0x00000000ebe60ab8,0x00000000ec000000)
  to   space 20480K, 0% used [0x00000000e9a00000,0x00000000e9a00000,0x00000000eae00000)
 ParOldGen       total 97280K, used 25006K [0x00000000a0000000, 0x00000000a5f00000, 0x00000000e0000000)
  object space 97280K, 25% used [0x00000000a0000000,0x00000000a186bb30,0x00000000a5f00000)
 Metaspace       used 57152K, capacity 59000K, committed 59096K, reserved 1099776K
  class space    used 7822K, capacity 8227K, committed 8320K, reserved 1048576K
Event: 14.553 GC heap after
Heap after GC invocations=15 (full 3):
 PSYoungGen      total 176128K, used 0K [0x00000000e0000000, 0x00000000ecd00000, 0x0000000100000000)
  eden space 157696K, 0% used [0x00000000e0000000,0x00000000e0000000,0x00000000e9a00000)
  from space 18432K, 0% used [0x00000000eae00000,0x00000000eae00000,0x00000000ec000000)
  to   space 20480K, 0% used [0x00000000e9a00000,0x00000000e9a00000,0x00000000eae00000)
 ParOldGen       total 139776K, used 30955K [0x00000000a0000000, 0x00000000a8880000, 0x00000000e0000000)
  object space 139776K, 22% used [0x00000000a0000000,0x00000000a1e3adb8,0x00000000a8880000)
 Metaspace       used 57152K, capacity 59000K, committed 59096K, reserved 1099776K
  class space    used 7822K, capacity 8227K, committed 8320K, reserved 1048576K
}
Event: 18.127 GC heap before
{Heap before GC invocations=16 (full 3):
 PSYoungGen      total 176128K, used 157696K [0x00000000e0000000, 0x00000000ecd00000, 0x0000000100000000)
  eden space 157696K, 100% used [0x00000000e0000000,0x00000000e9a00000,0x00000000e9a00000)
  from space 18432K, 0% used [0x00000000eae00000,0x00000000eae00000,0x00000000ec000000)
  to   space 20480K, 0% used [0x00000000e9a00000,0x00000000e9a00000,0x00000000eae00000)
 ParOldGen       total 139776K, used 30955K [0x00000000a0000000, 0x00000000a8880000, 0x00000000e0000000)
  object space 139776K, 22% used [0x00000000a0000000,0x00000000a1e3adb8,0x00000000a8880000)
 Metaspace       used 63167K, capacity 65452K, committed 65536K, reserved 1105920K
  class space    used 8648K, capacity 9147K, committed 9216K, reserved 1048576K
Event: 18.145 GC heap after
Heap after GC invocations=16 (full 3):
 PSYoungGen      total 178176K, used 14712K [0x00000000e0000000, 0x00000000ee680000, 0x0000000100000000)
  eden space 157696K, 0% used [0x00000000e0000000,0x00000000e0000000,0x00000000e9a00000)
  from space 20480K, 71% used [0x00000000e9a00000,0x00000000ea85e238,0x00000000eae00000)
  to   space 20992K, 0% used [0x00000000ed200000,0x00000000ed200000,0x00000000ee680000)
 ParOldGen       total 139776K, used 30963K [0x00000000a0000000, 0x00000000a8880000, 0x00000000e0000000)
  object space 139776K, 22% used [0x00000000a0000000,0x00000000a1e3cdb8,0x00000000a8880000)
 Metaspace       used 63167K, capacity 65452K, committed 65536K, reserved 1105920K
  class space    used 8648K, capacity 9147K, committed 9216K, reserved 1048576K
}

