# JRE version: OpenJDK Runtime Environment (8.0_212-b04) (build 1.8.0_212-release-1586-b04)
# Java VM: OpenJDK 64-Bit Server VM (25.212-b04 mixed mode windows-amd64 compressed oops)
Heap:
 PSYoungGen      total 307200K, used 115276K [0x00000000e0000000, 0x00000000f5300000, 0x0000000100000000)
  eden space 271360K, 35% used [0x00000000e0000000,0x00000000e5e1cb10,0x00000000f0900000)
  from space 35840K, 52% used [0x00000000f3000000,0x00000000f42768d8,0x00000000f5300000)
  to   space 37888K, 0% used [0x00000000f0900000,0x00000000f0900000,0x00000000f2e00000)
 ParOldGen       total 138240K, used 53891K [0x00000000a0000000, 0x00000000a8700000, 0x00000000e0000000)
  object space 138240K, 38% used [0x00000000a0000000,0x00000000a34a0c10,0x00000000a8700000)
 Metaspace       used 109554K, capacity 114468K, committed 114688K, reserved 1148928K
  class space    used 14079K, capacity 15057K, committed 15104K, reserved 1048576K
GC Heap History (10 events):
Event: 3451.316 GC heap before
{Heap before GC invocations=24 (full 4):
 PSYoungGen      total 235008K, used 215104K [0x00000000e0000000, 0x00000000f2100000, 0x0000000100000000)
  eden space 205824K, 100% used [0x00000000e0000000,0x00000000ec900000,0x00000000ec900000)
  from space 29184K, 31% used [0x00000000ec900000,0x00000000ed210010,0x00000000ee580000)
  to   space 38400K, 0% used [0x00000000efb80000,0x00000000efb80000,0x00000000f2100000)
 ParOldGen       total 138240K, used 53859K [0x00000000a0000000, 0x00000000a8700000, 0x00000000e0000000)
  object space 138240K, 38% used [0x00000000a0000000,0x00000000a3498c10,0x00000000a8700000)
 Metaspace       used 101259K, capacity 105312K, committed 106240K, reserved 1140736K
  class space    used 13066K, capacity 13917K, committed 14080K, reserved 1048576K
Event: 3451.345 GC heap after
Heap after GC invocations=24 (full 4):
 PSYoungGen      total 257024K, used 23705K [0x00000000e0000000, 0x00000000f2700000, 0x0000000100000000)
  eden space 218624K, 0% used [0x00000000e0000000,0x00000000e0000000,0x00000000ed580000)
  from space 38400K, 61% used [0x00000000efb80000,0x00000000f12a6468,0x00000000f2100000)
  to   space 38912K, 0% used [0x00000000ed580000,0x00000000ed580000,0x00000000efb80000)
 ParOldGen       total 138240K, used 53867K [0x00000000a0000000, 0x00000000a8700000, 0x00000000e0000000)
  object space 138240K, 38% used [0x00000000a0000000,0x00000000a349ac10,0x00000000a8700000)
 Metaspace       used 101259K, capacity 105312K, committed 106240K, reserved 1140736K
  class space    used 13066K, capacity 13917K, committed 14080K, reserved 1048576K
}
Event: 3452.711 GC heap before
{Heap before GC invocations=25 (full 4):
 PSYoungGen      total 257024K, used 242329K [0x00000000e0000000, 0x00000000f2700000, 0x0000000100000000)
  eden space 218624K, 100% used [0x00000000e0000000,0x00000000ed580000,0x00000000ed580000)
  from space 38400K, 61% used [0x00000000efb80000,0x00000000f12a6468,0x00000000f2100000)
  to   space 38912K, 0% used [0x00000000ed580000,0x00000000ed580000,0x00000000efb80000)
 ParOldGen       total 138240K, used 53867K [0x00000000a0000000, 0x00000000a8700000, 0x00000000e0000000)
  object space 138240K, 38% used [0x00000000a0000000,0x00000000a349ac10,0x00000000a8700000)
 Metaspace       used 106902K, capacity 111564K, committed 112000K, reserved 1146880K
  class space    used 13853K, capacity 14807K, committed 14976K, reserved 1048576K
Event: 3452.735 GC heap after
Heap after GC invocations=25 (full 4):
 PSYoungGen      total 257536K, used 27820K [0x00000000e0000000, 0x00000000f3c00000, 0x0000000100000000)
  eden space 218624K, 0% used [0x00000000e0000000,0x00000000e0000000,0x00000000ed580000)
  from space 38912K, 71% used [0x00000000ed580000,0x00000000ef0ab310,0x00000000efb80000)
  to   space 40960K, 0% used [0x00000000f1400000,0x00000000f1400000,0x00000000f3c00000)
 ParOldGen       total 138240K, used 53875K [0x00000000a0000000, 0x00000000a8700000, 0x00000000e0000000)
  object space 138240K, 38% used [0x00000000a0000000,0x00000000a349cc10,0x00000000a8700000)
 Metaspace       used 106902K, capacity 111564K, committed 112000K, reserved 1146880K
  class space    used 13853K, capacity 14807K, committed 14976K, reserved 1048576K
}
Event: 3454.546 GC heap before
{Heap before GC invocations=26 (full 4):
 PSYoungGen      total 257536K, used 246444K [0x00000000e0000000, 0x00000000f3c00000, 0x0000000100000000)
  eden space 218624K, 100% used [0x00000000e0000000,0x00000000ed580000,0x00000000ed580000)
  from space 38912K, 71% used [0x00000000ed580000,0x00000000ef0ab310,0x00000000efb80000)
  to   space 40960K, 0% used [0x00000000f1400000,0x00000000f1400000,0x00000000f3c00000)
 ParOldGen       total 138240K, used 53875K [0x00000000a0000000, 0x00000000a8700000, 0x00000000e0000000)
  object space 138240K, 38% used [0x00000000a0000000,0x00000000a349cc10,0x00000000a8700000)
 Metaspace       used 108509K, capacity 113262K, committed 113408K, reserved 1146880K
  class space    used 13997K, capacity 14964K, committed 15104K, reserved 1048576K
Event: 3454.582 GC heap after
Heap after GC invocations=26 (full 4):
 PSYoungGen      total 282112K, used 25536K [0x00000000e0000000, 0x00000000f4080000, 0x0000000100000000)
  eden space 241152K, 0% used [0x00000000e0000000,0x00000000e0000000,0x00000000eeb80000)
  from space 40960K, 62% used [0x00000000f1400000,0x00000000f2cf0320,0x00000000f3c00000)
  to   space 41472K, 0% used [0x00000000eeb80000,0x00000000eeb80000,0x00000000f1400000)
 ParOldGen       total 138240K, used 53883K [0x00000000a0000000, 0x00000000a8700000, 0x00000000e0000000)
  object space 138240K, 38% used [0x00000000a0000000,0x00000000a349ec10,0x00000000a8700000)
 Metaspace       used 108509K, capacity 113262K, committed 113408K, reserved 1146880K
  class space    used 13997K, capacity 14964K, committed 15104K, reserved 1048576K
}
Event: 3456.282 GC heap before
{Heap before GC invocations=27 (full 4):
 PSYoungGen      total 282112K, used 266688K [0x00000000e0000000, 0x00000000f4080000, 0x0000000100000000)
  eden space 241152K, 100% used [0x00000000e0000000,0x00000000eeb80000,0x00000000eeb80000)
  from space 40960K, 62% used [0x00000000f1400000,0x00000000f2cf0320,0x00000000f3c00000)
  to   space 41472K, 0% used [0x00000000eeb80000,0x00000000eeb80000,0x00000000f1400000)
 ParOldGen       total 138240K, used 53883K [0x00000000a0000000, 0x00000000a8700000, 0x00000000e0000000)
  object space 138240K, 38% used [0x00000000a0000000,0x00000000a349ec10,0x00000000a8700000)
 Metaspace       used 108701K, capacity 113552K, committed 113920K, reserved 1148928K
  class space    used 14016K, capacity 14969K, committed 15104K, reserved 1048576K
Event: 3456.307 GC heap after
Heap after GC invocations=27 (full 4):
 PSYoungGen      total 282624K, used 21440K [0x00000000e0000000, 0x00000000f5700000, 0x0000000100000000)
  eden space 241152K, 0% used [0x00000000e0000000,0x00000000e0000000,0x00000000eeb80000)
  from space 41472K, 51% used [0x00000000eeb80000,0x00000000f0070208,0x00000000f1400000)
  to   space 39936K, 0% used [0x00000000f3000000,0x00000000f3000000,0x00000000f5700000)
 ParOldGen       total 138240K, used 53883K [0x00000000a0000000, 0x00000000a8700000, 0x00000000e0000000)
  object space 138240K, 38% used [0x00000000a0000000,0x00000000a349ec10,0x00000000a8700000)
 Metaspace       used 108701K, capacity 113552K, committed 113920K, reserved 1148928K
  class space    used 14016K, capacity 14969K, committed 15104K, reserved 1048576K
}
Event: 3458.372 GC heap before
{Heap before GC invocations=28 (full 4):
 PSYoungGen      total 282624K, used 261189K [0x00000000e0000000, 0x00000000f5700000, 0x0000000100000000)
  eden space 241152K, 99% used [0x00000000e0000000,0x00000000eea214a8,0x00000000eeb80000)
  from space 41472K, 51% used [0x00000000eeb80000,0x00000000f0070208,0x00000000f1400000)
  to   space 39936K, 0% used [0x00000000f3000000,0x00000000f3000000,0x00000000f5700000)
 ParOldGen       total 138240K, used 53883K [0x00000000a0000000, 0x00000000a8700000, 0x00000000e0000000)
  object space 138240K, 38% used [0x00000000a0000000,0x00000000a349ec10,0x00000000a8700000)
 Metaspace       used 109106K, capacity 114010K, committed 114176K, reserved 1148928K
  class space    used 14046K, capacity 15008K, committed 15104K, reserved 1048576K
Event: 3458.399 GC heap after
Heap after GC invocations=28 (full 4):
 PSYoungGen      total 307200K, used 18906K [0x00000000e0000000, 0x00000000f5300000, 0x0000000100000000)
  eden space 271360K, 0% used [0x00000000e0000000,0x00000000e0000000,0x00000000f0900000)
  from space 35840K, 52% used [0x00000000f3000000,0x00000000f42768d8,0x00000000f5300000)
  to   space 37888K, 0% used [0x00000000f0900000,0x00000000f0900000,0x00000000f2e00000)
 ParOldGen       total 138240K, used 53891K [0x00000000a0000000, 0x00000000a8700000, 0x00000000e0000000)
  object space 138240K, 38% used [0x00000000a0000000,0x00000000a34a0c10,0x00000000a8700000)
 Metaspace       used 109106K, capacity 114010K, committed 114176K, reserved 1148928K
  class space    used 14046K, capacity 15008K, committed 15104K, reserved 1048576K
}

